\BOOKMARK [0][-]{chapter.1}{1 Einleitung}{}% 1
\BOOKMARK [0][-]{chapter.2}{2 Verwandte Arbeiten}{}% 2
\BOOKMARK [1][-]{section.2.1}{2.1 Optical Models for Direct Volume Rendering}{chapter.2}% 3
\BOOKMARK [2][-]{subsection.2.1.1}{2.1.1 Emission}{section.2.1}% 4
\BOOKMARK [2][-]{subsection.2.1.2}{2.1.2 Absorption und Emission}{section.2.1}% 5
\BOOKMARK [2][-]{subsection.2.1.3}{2.1.3 Streuung und Schatten}{section.2.1}% 6
\BOOKMARK [1][-]{section.2.2}{2.2 An Analytical Ray Casting of Volume Data}{chapter.2}% 7
\BOOKMARK [2][-]{subsection.2.2.1}{2.2.1 Levoy's raycast algorithm}{section.2.2}% 8
\BOOKMARK [2][-]{subsection.2.2.2}{2.2.2 Eine kontinuierliche Formulierung}{section.2.2}% 9
\BOOKMARK [0][-]{chapter.3}{3 Grundlagen}{}% 10
\BOOKMARK [1][-]{section.3.1}{3.1 Verwendete Formelzeichen}{chapter.3}% 11
\BOOKMARK [1][-]{section.3.2}{3.2 Rendertechniken}{chapter.3}% 12
\BOOKMARK [2][-]{subsection.3.2.1}{3.2.1 Raytracing}{section.3.2}% 13
\BOOKMARK [2][-]{subsection.3.2.2}{3.2.2 Path und Lighttracer}{section.3.2}% 14
\BOOKMARK [3][-]{subsubsection.3.2.2.1}{3.2.2.1 Lighttracer}{subsection.3.2.2}% 15
\BOOKMARK [3][-]{subsubsection.3.2.2.2}{3.2.2.2 Pathtracer}{subsection.3.2.2}% 16
\BOOKMARK [2][-]{subsection.3.2.3}{3.2.3 Raycasting}{section.3.2}% 17
\BOOKMARK [1][-]{section.3.3}{3.3 Strahl}{chapter.3}% 18
\BOOKMARK [1][-]{section.3.4}{3.4 Kugel}{chapter.3}% 19
\BOOKMARK [1][-]{section.3.5}{3.5 Schnittpunktberechnung}{chapter.3}% 20
\BOOKMARK [1][-]{section.3.6}{3.6 Die Perspektivische Kamera}{chapter.3}% 21
\BOOKMARK [1][-]{section.3.7}{3.7 Die Orthogonale Kamera}{chapter.3}% 22
\BOOKMARK [0][-]{chapter.4}{4 Das Programm}{}% 23
\BOOKMARK [1][-]{section.4.1}{4.1 Verdeckung}{chapter.4}% 24
\BOOKMARK [0][-]{chapter.5}{5 Evaluation}{}% 25
\BOOKMARK [0][-]{chapter.6}{6 Fazit}{}% 26
