Determining if the Q_WS_WIN exist failed with the following output:
Change Dir: /home/josef/Dokumente/Studium/GTRenderer/raytracer/CMakeFiles/CMakeTmp

Run Build Command:/usr/bin/make "cmTryCompileExec2539722495/fast"
/usr/bin/make -f CMakeFiles/cmTryCompileExec2539722495.dir/build.make CMakeFiles/cmTryCompileExec2539722495.dir/build
make[1]: Betrete Verzeichnis '/home/josef/Dokumente/Studium/GTRenderer/raytracer/CMakeFiles/CMakeTmp'
/usr/bin/cmake -E cmake_progress_report /home/josef/Dokumente/Studium/GTRenderer/raytracer/CMakeFiles/CMakeTmp/CMakeFiles 1
Building CXX object CMakeFiles/cmTryCompileExec2539722495.dir/CheckSymbolExists.cxx.o
/usr/bin/c++    -I/usr/include/qt4    -o CMakeFiles/cmTryCompileExec2539722495.dir/CheckSymbolExists.cxx.o -c /home/josef/Dokumente/Studium/GTRenderer/raytracer/CMakeFiles/CMakeTmp/CheckSymbolExists.cxx
/home/josef/Dokumente/Studium/GTRenderer/raytracer/CMakeFiles/CMakeTmp/CheckSymbolExists.cxx: In function ‘int main(int, char**)’:
/home/josef/Dokumente/Studium/GTRenderer/raytracer/CMakeFiles/CMakeTmp/CheckSymbolExists.cxx:8:19: error: ‘Q_WS_WIN’ was not declared in this scope
   return ((int*)(&Q_WS_WIN))[argc];
                   ^
make[1]: *** [CMakeFiles/cmTryCompileExec2539722495.dir/CheckSymbolExists.cxx.o] Fehler 1
make[1]: Verlasse Verzeichnis '/home/josef/Dokumente/Studium/GTRenderer/raytracer/CMakeFiles/CMakeTmp'
make: *** [cmTryCompileExec2539722495/fast] Fehler 2

File /home/josef/Dokumente/Studium/GTRenderer/raytracer/CMakeFiles/CMakeTmp/CheckSymbolExists.cxx:
/* */
#include <QtCore/qglobal.h>

int main(int argc, char** argv)
{
  (void)argv;
#ifndef Q_WS_WIN
  return ((int*)(&Q_WS_WIN))[argc];
#else
  (void)argc;
  return 0;
#endif
}

Determining if the Q_WS_QWS exist failed with the following output:
Change Dir: /home/josef/Dokumente/Studium/GTRenderer/raytracer/CMakeFiles/CMakeTmp

Run Build Command:/usr/bin/make "cmTryCompileExec1079613732/fast"
/usr/bin/make -f CMakeFiles/cmTryCompileExec1079613732.dir/build.make CMakeFiles/cmTryCompileExec1079613732.dir/build
make[1]: Betrete Verzeichnis '/home/josef/Dokumente/Studium/GTRenderer/raytracer/CMakeFiles/CMakeTmp'
/usr/bin/cmake -E cmake_progress_report /home/josef/Dokumente/Studium/GTRenderer/raytracer/CMakeFiles/CMakeTmp/CMakeFiles 1
Building CXX object CMakeFiles/cmTryCompileExec1079613732.dir/CheckSymbolExists.cxx.o
/usr/bin/c++    -I/usr/include/qt4    -o CMakeFiles/cmTryCompileExec1079613732.dir/CheckSymbolExists.cxx.o -c /home/josef/Dokumente/Studium/GTRenderer/raytracer/CMakeFiles/CMakeTmp/CheckSymbolExists.cxx
/home/josef/Dokumente/Studium/GTRenderer/raytracer/CMakeFiles/CMakeTmp/CheckSymbolExists.cxx: In function ‘int main(int, char**)’:
/home/josef/Dokumente/Studium/GTRenderer/raytracer/CMakeFiles/CMakeTmp/CheckSymbolExists.cxx:8:19: error: ‘Q_WS_QWS’ was not declared in this scope
   return ((int*)(&Q_WS_QWS))[argc];
                   ^
make[1]: *** [CMakeFiles/cmTryCompileExec1079613732.dir/CheckSymbolExists.cxx.o] Fehler 1
make[1]: Verlasse Verzeichnis '/home/josef/Dokumente/Studium/GTRenderer/raytracer/CMakeFiles/CMakeTmp'
make: *** [cmTryCompileExec1079613732/fast] Fehler 2

File /home/josef/Dokumente/Studium/GTRenderer/raytracer/CMakeFiles/CMakeTmp/CheckSymbolExists.cxx:
/* */
#include <QtCore/qglobal.h>

int main(int argc, char** argv)
{
  (void)argv;
#ifndef Q_WS_QWS
  return ((int*)(&Q_WS_QWS))[argc];
#else
  (void)argc;
  return 0;
#endif
}

Determining if the Q_WS_MAC exist failed with the following output:
Change Dir: /home/josef/Dokumente/Studium/GTRenderer/raytracer/CMakeFiles/CMakeTmp

Run Build Command:/usr/bin/make "cmTryCompileExec3513024875/fast"
/usr/bin/make -f CMakeFiles/cmTryCompileExec3513024875.dir/build.make CMakeFiles/cmTryCompileExec3513024875.dir/build
make[1]: Betrete Verzeichnis '/home/josef/Dokumente/Studium/GTRenderer/raytracer/CMakeFiles/CMakeTmp'
/usr/bin/cmake -E cmake_progress_report /home/josef/Dokumente/Studium/GTRenderer/raytracer/CMakeFiles/CMakeTmp/CMakeFiles 1
Building CXX object CMakeFiles/cmTryCompileExec3513024875.dir/CheckSymbolExists.cxx.o
/usr/bin/c++    -I/usr/include/qt4    -o CMakeFiles/cmTryCompileExec3513024875.dir/CheckSymbolExists.cxx.o -c /home/josef/Dokumente/Studium/GTRenderer/raytracer/CMakeFiles/CMakeTmp/CheckSymbolExists.cxx
/home/josef/Dokumente/Studium/GTRenderer/raytracer/CMakeFiles/CMakeTmp/CheckSymbolExists.cxx: In function ‘int main(int, char**)’:
/home/josef/Dokumente/Studium/GTRenderer/raytracer/CMakeFiles/CMakeTmp/CheckSymbolExists.cxx:8:19: error: ‘Q_WS_MAC’ was not declared in this scope
   return ((int*)(&Q_WS_MAC))[argc];
                   ^
make[1]: *** [CMakeFiles/cmTryCompileExec3513024875.dir/CheckSymbolExists.cxx.o] Fehler 1
make[1]: Verlasse Verzeichnis '/home/josef/Dokumente/Studium/GTRenderer/raytracer/CMakeFiles/CMakeTmp'
make: *** [cmTryCompileExec3513024875/fast] Fehler 2

File /home/josef/Dokumente/Studium/GTRenderer/raytracer/CMakeFiles/CMakeTmp/CheckSymbolExists.cxx:
/* */
#include <QtCore/qglobal.h>

int main(int argc, char** argv)
{
  (void)argv;
#ifndef Q_WS_MAC
  return ((int*)(&Q_WS_MAC))[argc];
#else
  (void)argc;
  return 0;
#endif
}

